
[primegov] Fetching body list from louisvilleky.primegov.com ...
           got 40 bodies
[primegov] Listing meetings for year 2026 ...
           got 168 raw meeting records
           [1/168] planning-committee 2026-01-02 Planning Committee  - THIS MEETING HAS B items=0 attachments=1
           [2/168] nulu-review-overlay-district-committee 2026-01-07 NuLu Review Overlay District Committee C items=0 attachments=0
           [3/168] planning-commission 2026-01-07 Planning Commission                      items=0 attachments=2
           [4/168] land-development-transportation-committee 2026-01-08 Land Development & Transportation Commit items=0 attachments=2
           [6/168] code-enforcement-board 2026-01-09 Code Enforcement Board Hearing           items=0 attachments=0
           [7/168] board-of-zoning-adjustment 2026-01-12 Board of Zoning Adjustment               items=0 attachments=2
           [8/168] vapstat-joint-meeting 2026-01-12 Special VAPStat Joint Meeting Involving  items=0 attachments=0
           [9/168] america250ky-committee 2026-01-13 America 250KY Committee                  items=0 attachments=1
           [10/168] downtown-development-review-overlay-district-committee 2026-01-14 Downtown Development Review Overlay Dist items=0 attachments=0
           [11/168] development-review-committee 2026-01-14 Development Review Committee             items=0 attachments=2
           [12/168] historic-landmarks-preservation-districts-commission 2026-01-15 Historic Landmarks and Preservation Dist items=0 attachments=1
           [13/168] planning-commission 2026-01-15 Planning Commission                      items=0 attachments=2
           [14/168] louisville-jefferson-county-environmental-trust-oversight-board 2026-01-16 Louisville/Jefferson County Environmenta items=0 attachments=2
           [15/168] bardstown-road-baxter-avenue-review-overlay-district-committee 2026-01-20 Bardstown Road/Baxter Avenue Review Over items=0 attachments=0
           [16/168] planning-and-zoning-committee 2026-01-20 Planning and Zoning Committee - THIS IS  items=0 attachments=2
           [17/168] government-oversight-audit-and-appointments-committee 2026-01-20 Government Oversight/Audit and Appointme items=0 attachments=2
           [18/168] appropriations-committee 2026-01-21 Appropriations Committee - THIS IS CONSI items=0 attachments=2
           [19/168] land-development-transportation-committee 2026-01-22 Land Development & Transportation Commit items=0 attachments=2
           [20/168] budget-committee 2026-01-22 Budget Committee - THIS IS CONSIDERED A  items=0 attachments=2
           [21/168] code-enforcement-board 2026-01-23 Code Enforcement Board Hearing           items=0 attachments=0
           [22/168] board-of-zoning-adjustment 2026-01-26 Board of Zoning Adjustment               items=0 attachments=2
           [23/168] committee-on-committees 2026-01-27 Committee on Committees - THIS IS CONSID items=6 attachments=2
           [24/168] nulu-review-overlay-district-committee 2026-01-28 NuLu Review District Overlay Committee   items=0 attachments=1
           [25/168] development-review-committee 2026-01-28 Development Review Committee             items=0 attachments=2
           [26/168] planning-commission 2026-01-29 Planning Commission                      items=0 attachments=2
           [27/168] committee-of-the-whole 2026-01-29 Committee of the Whole - THIS IS CONSIDE items=3 attachments=2
           [28/168] metro-council 2026-01-29 Metro Council                            items=13 attachments=2
           [29/168] code-enforcement-board 2026-01-30 Code Enforcement Board Hearing           items=0 attachments=0
           [30/168] board-of-zoning-adjustment 2026-02-02 Board of Zoning Adjustment               items=0 attachments=2
           [31/168] planning-and-zoning-committee 2026-02-03 Planning and Zoning Committee            items=0 attachments=2
           [32/168] labor-and-economic-development-committee 2026-02-03 Labor and Economic Development Committee items=1 attachments=2
           [33/168] public-works-committee 2026-02-03 Public Works Committee - THIS MEETING HA items=0 attachments=1
           [34/168] government-oversight-audit-and-appointments-committee 2026-02-03 Government Oversight/Audit and Appointme items=1 attachments=2
           [35/168] development-review-committee 2026-02-04 Development Review Committee             items=0 attachments=2
           [36/168] equity-community-affairs-housing-health-and-education-committee 2026-02-04 Equity, Community Affairs, Housing, Heal items=0 attachments=2
           [37/168] appropriations-committee 2026-02-04 Appropriations Committee                 items=0 attachments=2
           [38/168] public-safety-committee 2026-02-04 Public Safety Committee                  items=1 attachments=2
           [39/168] planning-commission 2026-02-05 Planning Commission                      items=0 attachments=2
           [40/168] parks-and-sustainability-committee 2026-02-05 Parks and Sustainability Committee       items=0 attachments=2
           [41/168] budget-committee 2026-02-05 Budget Committee                         items=0 attachments=2
           [42/168] code-enforcement-board 2026-02-06 Code Enforcement Board Hearing           items=0 attachments=0
           [43/168] vapstat-joint-meeting 2026-02-09 VAPStat Joint Meeting Involving the Loui items=0 attachments=0
           [44/168] planning-committee 2026-02-10 Planning Committee                       items=0 attachments=1
           [45/168] america250ky-committee 2026-02-10 America250KY Committee                   items=0 attachments=1
           [46/168] downtown-development-review-overlay-district-committee 2026-02-11 Downtown Development Review Overlay Comm items=0 attachments=1
           [47/168] old-louisville-architectural-review-committee 2026-02-11 Old Louisville Architectural Review Comm items=0 attachments=2
           [48/168] nulu-review-overlay-district-committee 2026-02-12 NuLu Review Overlay District Committee   items=0 attachments=1
           [49/168] land-development-transportation-committee 2026-02-12 Land Development & Transportation Commit items=0 attachments=1
           [50/168] committee-of-the-whole 2026-02-12 Committee of the Whole                   items=2 attachments=2
           [51/168] metro-council 2026-02-12 Metro Council                            items=16 attachments=2
           [52/168] code-enforcement-board 2026-02-13 Code Enforcement Board Hearing           items=0 attachments=0
           [53/168] board-of-zoning-adjustment 2026-02-16 Board of Zoning Adjustment               items=0 attachments=2
           [54/168] bardstown-road-baxter-avenue-review-overlay-district-committee 2026-02-17 Bardstown Road/Baxter Avenue Review Over items=0 attachments=1
           [55/168] planning-and-zoning-committee 2026-02-17 Planning and Zoning Committee            items=0 attachments=2
           [56/168] labor-and-economic-development-committee 2026-02-17 Labor and Economic Development Committee items=0 attachments=2
           [57/168] public-works-committee 2026-02-17 Public Works Committee                   items=1 attachments=2
           [58/168] government-oversight-audit-and-appointments-committee 2026-02-17 Government Oversight/Audit and Appointme items=0 attachments=1
           [59/168] development-review-committee 2026-02-18 Development Review Committee             items=0 attachments=2
           [60/168] equity-community-affairs-housing-health-and-education-committee 2026-02-18 Equity, Community Affairs, Housing, Heal items=0 attachments=1
           [61/168] appropriations-committee 2026-02-18 Appropriations Committee                 items=0 attachments=2
           [62/168] public-safety-committee 2026-02-18 Public Safety Committee                  items=1 attachments=2
           [63/168] limerick-architectural-review-committee 2026-02-18 Limerick Architectural Review Committee  items=0 attachments=1
           [64/168] planning-commission 2026-02-18 Planning Commission                      items=0 attachments=2
           [65/168] historic-landmarks-preservation-districts-commission 2026-02-19 Annual meeting of Historic Landmarks & P items=0 attachments=1
           [66/168] planning-commission 2026-02-19 Planning Commission                      items=0 attachments=2
           [67/168] parks-and-sustainability-committee 2026-02-19 Parks and Sustainability Committee       items=1 attachments=2
           [68/168] budget-committee 2026-02-19 Budget Committee - THIS MEETING HAS BEEN items=0 attachments=1
           [69/168] code-enforcement-board 2026-02-20 Code Enforcement Animal Board Hearing    items=0 attachments=0
           [70/168] louisville-jefferson-county-environmental-trust-oversight-board 2026-02-20 Louisville Jefferson County Environmenta items=0 attachments=2
           [71/168] committee-on-committees 2026-02-24 Committee on Committees                  items=5 attachments=2
           [72/168] cherokee-triangle-architectural-review-committee 2026-02-25 Cherokee Triangle Architectural Review C items=0 attachments=2
           [73/168] equity-community-affairs-housing-health-and-education-committee 2026-02-26 Equity, Community Affiars, Housing, Heal items=1 attachments=2
           [74/168] committee-of-the-whole 2026-02-26 Committee of the Whole                   items=2 attachments=2
           [75/168] metro-council 2026-02-26 Metro Council                            items=17 attachments=2
           [76/168] code-enforcement-board 2026-02-27 Code Enforcement Board Hearing           items=0 attachments=0
           [77/168] board-of-zoning-adjustment 2026-03-02 Board of Zoning Adjustment               items=0 attachments=2
           [78/168] planning-and-zoning-committee 2026-03-03 Planning and Zoning Committee            items=0 attachments=2
           [79/168] labor-and-economic-development-committee 2026-03-03 Labor and Economic Development Committee items=0 attachments=2
           [80/168] public-works-committee 2026-03-03 Public Works Committee                   items=1 attachments=2
           [81/168] government-oversight-audit-and-appointments-committee 2026-03-03 Government Oversight/Audit and Appointme items=1 attachments=2
           [82/168] nulu-review-overlay-district-committee 2026-03-04 NuLu Review Overlay District Committee C items=0 attachments=0
           [83/168] development-review-committee 2026-03-04 Development Review Committee             items=0 attachments=2
           [84/168] equity-community-affairs-housing-health-and-education-committee 2026-03-04 Equity, Community Affairs, Housing, Heal items=0 attachments=2
           [85/168] appropriations-committee 2026-03-04 Appropriations Committee                 items=0 attachments=2
           [86/168] public-safety-committee 2026-03-04 Public Safety Committee                  items=1 attachments=2
           [87/168] planning-commission 2026-03-05 Planning Commission                      items=0 attachments=2
           [88/168] parks-and-sustainability-committee 2026-03-05 Parks and Sustainability Committee       items=1 attachments=2
           [89/168] individual-landmarks-architectural-review-committee 2026-03-05 Chickasaw Architectural Review Committee items=0 attachments=2
           [90/168] budget-committee 2026-03-05 Budget Committee                         items=0 attachments=2
           [91/168] code-enforcement-board 2026-03-06 Code Enforcement Board Hearing           items=0 attachments=0
           [92/168] america250ky-committee 2026-03-10 America 250KY Committee                  items=0 attachments=1
           [93/168] committee-on-committees 2026-03-10 Committee on Committees                  items=4 attachments=2
           [94/168] downtown-development-review-overlay-district-committee 2026-03-11 Downtown Development Review Overlay Dist items=0 attachments=0
           [95/168] clifton-architectural-review-committee 2026-03-11 Clifton Architectural Review Committee   items=0 attachments=2
           [96/168] vapstat-joint-meeting 2026-03-12 Special VAPStat Joint Meeting Involving  items=0 attachments=0
           [97/168] committee-of-the-whole 2026-03-12 Committee of the Whole                   items=2 attachments=2
           [98/168] metro-council 2026-03-12 Metro Council                            items=18 attachments=2
           [99/168] code-enforcement-board 2026-03-13 Code Enforcement Board Hearing           items=0 attachments=0
           [100/168] board-of-zoning-adjustment 2026-03-16 Board of Zoning Adjustment               items=0 attachments=2
           [101/168] bardstown-road-baxter-avenue-review-overlay-district-committee 2026-03-17 Bardstown Road/Baxter Avenue Review Over items=0 attachments=1
           [102/168] planning-and-zoning-committee 2026-03-17 Planning and Zoning Committee            items=0 attachments=2
           [103/168] labor-and-economic-development-committee 2026-03-17 Labor and Economic Development Committee items=0 attachments=1
           [104/168] public-works-committee 2026-03-17 Public Works Committee - THIS MEETING HA items=1 attachments=1
           [105/168] government-oversight-audit-and-appointments-committee 2026-03-17 Government Oversight/Audit and Appointme items=1 attachments=2
           [106/168] development-review-committee 2026-03-18 Development Review Committee             items=0 attachments=2
           [107/168] equity-community-affairs-housing-health-and-education-committee 2026-03-18 Equity, Community Affairs, Housing, Heal items=1 attachments=1
           [108/168] appropriations-committee 2026-03-18 Appropriations Committee                 items=0 attachments=2
           [109/168] public-safety-committee 2026-03-18 Public Safety Committee - THIS MEETING H items=1 attachments=1
           [110/168] limerick-architectural-review-committee 2026-03-18 Limerick ARC                             items=0 attachments=1
           [111/168] historic-landmarks-preservation-districts-commission 2026-03-19 Historic Landmarks & Preservation Distri items=0 attachments=0
           [112/168] planning-commission 2026-03-19 Planning Commission                      items=0 attachments=2
           [113/168] parks-and-sustainability-committee 2026-03-19 Parks and Sustainability Committee - THI items=1 attachments=1
           [114/168] budget-committee 2026-03-19 Budget Committee                         items=1 attachments=2
           [115/168] code-enforcement-board 2026-03-20 Code Enforcement Animal Board Hearing    items=0 attachments=0
           [116/168] louisville-jefferson-county-environmental-trust-oversight-board 2026-03-20 Louisville/Jefferson County Environmenta items=0 attachments=1
           [117/168] labor-and-economic-development-committee 2026-03-24 Labor and Economic Development Committee items=0 attachments=2
           [118/168] committee-on-committees 2026-03-24 Committee on Committees - THIS MEETING H items=2 attachments=1
           [119/168] committee-of-the-whole 2026-03-26 Committee of the Whole                   items=2 attachments=2
           [120/168] metro-council 2026-03-26 Metro Council                            items=13 attachments=2
           [121/168] code-enforcement-board 2026-03-27 Code Enforcement Board Hearing           items=0 attachments=0
           [122/168] board-of-zoning-adjustment 2026-03-30 Board of Zoning Adjustment               items=0 attachments=2
           [123/168] nulu-review-overlay-district-committee 2026-04-01 NuLu Review Overlay District Committee   items=0 attachments=1
           [124/168] development-review-committee 2026-04-01 Development Review Committee             items=0 attachments=2
           [125/168] planning-commission 2026-04-02 Planning Commission                      items=0 attachments=1
           [126/168] code-enforcement-board 2026-04-03 Code Enforcement Board Hearing           items=0 attachments=0
           [127/168] old-louisville-architectural-review-committee 2026-04-08 Old Louisville ARC                       items=0 attachments=2
           [128/168] code-enforcement-board 2026-04-10 Code Enforcement Board Hearing           items=0 attachments=0
           [129/168] vapstat-joint-meeting 2026-04-13 VAPStat Joint Joint Meeting Involving th items=0 attachments=0
           [130/168] planning-and-zoning-committee 2026-04-14 Planning and Zoning Committee            items=0 attachments=2
           [131/168] america250ky-committee 2026-04-14 America 250KY Committee                  items=0 attachments=1
           [132/168] labor-and-economic-development-committee 2026-04-14 Labor And Economic Development Committee items=1 attachments=2
           [133/168] public-works-committee 2026-04-14 Public Works Committee                   items=1 attachments=2
           [134/168] government-oversight-audit-and-appointments-committee 2026-04-14 Government Oversight/Audit and Appointme items=1 attachments=2
           [135/168] development-review-committee 2026-04-15 Development Review Committee             items=0 attachments=1
           [136/168] equity-community-affairs-housing-health-and-education-committee 2026-04-15 Equity, Community Affairs, Housing, Heal items=0 attachments=2
           [137/168] appropriations-committee 2026-04-15 Appropriations Committee                 items=0 attachments=2
           [138/168] public-safety-committee 2026-04-15 Public Safety Committee                  items=1 attachments=2
           [139/168] cherokee-triangle-architectural-review-committee 2026-04-15 Cherokee Triangle ARC                    items=0 attachments=2
           [140/168] historic-landmarks-preservation-districts-commission 2026-04-16 Historic Landmarks & Preservation Distri items=0 attachments=0
           [141/168] committee-of-the-whole 2026-04-16 Committee of the Whole - THIS IS CONSIDE items=1 attachments=2
           [142/168] parks-and-sustainability-committee 2026-04-16 Parks and Sustainability Committee - THI items=0 attachments=0
           [143/168] budget-committee 2026-04-16 Budget Committee                         items=0 attachments=2
           [144/168] code-enforcement-board 2026-04-17 Code Enforcement Animal Board Hearing    items=0 attachments=0
           [145/168] louisville-jefferson-county-environmental-trust-oversight-board 2026-04-17 Louisville/Jefferson County Environmenta items=0 attachments=1
           [146/168] board-of-zoning-adjustment 2026-04-20 Board of Zoning Adjustment               items=0 attachments=1
           [147/168] bardstown-road-baxter-avenue-review-overlay-district-committee 2026-04-21 Bardstown Road/Baxter Avenue Review Over items=0 attachments=1
           [148/168] committee-on-committees 2026-04-21 Committee on Committees                  items=8 attachments=2
           [149/168] clifton-architectural-review-committee 2026-04-22 Clifton Architectural Review Committee   items=0 attachments=2
           [150/168] planning-commission 2026-04-23 Planning Commission                      items=0 attachments=1
           [151/168] committee-of-the-whole 2026-04-23 Committee of the Whole                   items=1 attachments=1
           [152/168] metro-council 2026-04-23 Metro Council                            items=22 attachments=1
           [153/168] code-enforcement-board 2026-04-24 Code Enforcement Board Hearing           items=0 attachments=0
           [154/168] board-of-zoning-adjustment 2026-05-04 Board of Zoning Adjustment               items=0 attachments=1
           [155/168] planning-and-zoning-committee 2026-05-05 Planning and Zoning Committee - THIS MEE items=0 attachments=1
           [156/168] labor-and-economic-development-committee 2026-05-05 Labor and Economic Development Committee items=1 attachments=1
           [157/168] public-works-committee 2026-05-05 Public Works Committee                   items=1 attachments=1
           [158/168] government-oversight-audit-and-appointments-committee 2026-05-05 Government Oversight/Audit and Appointme items=0 attachments=1
           [159/168] development-review-committee 2026-05-06 Development Review Committee             items=0 attachments=1
           [160/168] equity-community-affairs-housing-health-and-education-committee 2026-05-06 Equity, Community Affairs, Housing, Heal items=1 attachments=1
           [161/168] appropriations-committee 2026-05-06 Appropriations Committee                 items=0 attachments=1
           [162/168] public-safety-committee 2026-05-06 Public Safety Committee                  items=0 attachments=1
           [163/168] cherokee-triangle-architectural-review-committee 2026-05-06 Cherokee Triangle ARC                    items=0 attachments=1
           [164/168] planning-commission 2026-05-07 Planning Commission                      items=0 attachments=1
           [165/168] parks-and-sustainability-committee 2026-05-07 Parks and Sustainability Committee       items=1 attachments=1
           [166/168] budget-committee 2026-05-07 Budget Committee                         items=0 attachments=1
           [167/168] budget-committee 2026-05-07 Budget Hearings FY 2026-2027             items=4 attachments=1
           [168/168] metro-council 2027-01-05 TEST 2 FOR SWAGIT STREAMING              items=0 attachments=1

[ksba] Listing JCPS Board meetings (page 1, ~25 most recent) ...
       got 25 meeting rows
       [4/25] jcps-board-of-education 2026-03-10 Regular Business Meeting                           items=87 attachments=60
       [5/25] jcps-board-of-education 2026-02-27 State of the District Address                      items=1 attachments=2
       [6/25] jcps-board-of-education 2026-02-13 Special Board of Education Meeting                 items=20 attachments=31
       [7/25] jcps-board-of-education 2026-02-10 Regular Work Session Meeting                       items=91 attachments=106
       [8/25] jcps-board-of-education 2026-02-10 Special Meeting: Executive Session                 items=5 attachments=2
       [9/25] jcps-board-of-education 2026-01-20 Regular Business Meeting                           items=91 attachments=72
       [10/25] jcps-board-of-education 2026-01-20 Special Meeting: Executive Session                 items=5 attachments=1
       [11/25] jcps-board-of-education 2025-12-09 Regular Business Meeting                           items=88 attachments=78
       [12/25] jcps-board-of-education 2025-11-18 Work Session                                       items=72 attachments=81
       [13/25] jcps-board-of-education 2025-11-18 Finance Corporation Meeting                        items=4 attachments=6
       [14/25] jcps-board-of-education 2025-11-18 Special Meeting: Executive Session                 items=5 attachments=1
       [15/25] jcps-board-of-education 2025-10-14 Regular Business Meeting                           items=77 attachments=67
       [16/25] jcps-board-of-education 2025-10-14 Special Meeting: Executive Session                 items=5 attachments=1
       [17/25] jcps-board-of-education 2025-09-30 Special Meeting                                    items=6 attachments=2
       [18/25] jcps-board-of-education 2025-09-16 Regular Work Session                               items=48 attachments=60
       [19/25] jcps-board-of-education 2025-09-02 Regular Business Meeting                           items=59 attachments=39
       [20/25] jcps-board-of-education 2025-08-19 Regular Business Meeting                           items=69 attachments=78
       [21/25] jcps-board-of-education 2025-07-29 Regular Business Meeting                           items=80 attachments=96
       [22/25] jcps-board-of-education 2025-07-29 Finance Corporation Meeting                        items=5 attachments=11
       [23/25] jcps-board-of-education 2025-07-08 Work Session                                       items=57 attachments=61
       [24/25] jcps-board-of-education 2025-06-24 Regular Business Meeting                           items=75 attachments=81
       [25/25] jcps-board-of-education 2025-06-24 Special Meeting: Executive Session                 items=5 attachments=2

Done. written=189 skipped=4 failed=0
